
[2024-03-29 16:43:56] Error: Some erorr occured! | File: /app/public/index.php | Line: 12
*****************************************

[2024-03-29 16:43:56] Error: require_once(/app/public/erros/development.php): Failed to open stream: No such file or directory | File: /app/vendor/wfm/ErrorHandler.php | Line: 57
*****************************************

[2024-03-29 16:43:56] Error: Uncaught Error: Failed opening required '/app/public/erros/development.php' (include_path='.:/usr/local/lib/php') in /app/vendor/wfm/ErrorHandler.php:57
Stack trace:
#0 /app/vendor/wfm/ErrorHandler.php(69): WFM\ErrorHandler->displayError('2', 'require_once(/a...', '/app/vendor/wfm...', 57)
#1 /app/vendor/wfm/ErrorHandler.php(57): WFM\ErrorHandler->errorHandler('2', 'require_once(/a...', '/app/vendor/wfm...', 57)
#2 /app/vendor/wfm/ErrorHandler.php(57): require_once('/app/vendor/wfm...')
#3 /app/vendor/wfm/ErrorHandler.php(32): WFM\ErrorHandler->displayError('Error number', 'Some erorr occu...', '/app/public/ind...', 12, 404)
#4 [internal function]: WFM\ErrorHandler->exceptionHandler(Object(Exception))
#5 {main}
  thrown | File: /app/vendor/wfm/ErrorHandler.php | Line: 57
*****************************************

[2024-03-29 16:43:56] Error: require_once(/app/public/erros/development.php): Failed to open stream: No such file or directory | File: /app/vendor/wfm/ErrorHandler.php | Line: 57
*****************************************

[2024-03-29 16:44:52] Error: Some erorr occured! | File: /app/public/index.php | Line: 12
*****************************************

[2024-03-29 16:48:32] Error: Some erorr occured! | File: /app/public/index.php | Line: 12
*****************************************

[2024-03-29 16:49:48] Error: Some erorr occured! | File: /app/public/index.php | Line: 12
*****************************************

[2024-03-29 16:49:48] Error: Some erorr occured! | File: /app/public/index.php | Line: 12
*****************************************

[2024-03-29 16:52:24] Error: Some erorr occured! | File: /app/public/index.php | Line: 12
*****************************************

[2024-03-29 16:52:24] Error: Some erorr occured! | File: /app/public/index.php | Line: 12
*****************************************

[2024-03-29 16:52:33] Error: Some erorr occured! | File: /app/public/index.php | Line: 12
*****************************************

[2024-03-29 16:52:33] Error: Some erorr occured! | File: /app/public/index.php | Line: 12
*****************************************

[2024-03-29 16:55:20] Error: Some erorr occured! | File: /app/public/index.php | Line: 12
*****************************************

[2024-03-29 16:55:20] Error: Some erorr occured! | File: /app/public/index.php | Line: 12
*****************************************

[2024-03-29 16:58:09] Error: Some erorr occured! | File: /app/public/index.php | Line: 12
*****************************************

[2024-03-29 16:58:09] Error: Some erorr occured! | File: /app/public/index.php | Line: 12
*****************************************

[2024-03-29 16:58:09] Error: Some erorr occured! | File: /app/public/index.php | Line: 12
*****************************************

[2024-03-29 16:58:28] Error: Some erorr occured! | File: /app/public/index.php | Line: 12
*****************************************

[2024-03-29 16:58:28] Error: Some erorr occured! | File: /app/public/index.php | Line: 12
*****************************************

[2024-03-29 16:58:36] Error: Some erorr occured! | File: /app/public/index.php | Line: 12
*****************************************

[2024-03-29 16:58:36] Error: Some erorr occured! | File: /app/public/index.php | Line: 12
*****************************************

[2024-03-29 16:58:36] Error: Some erorr occured! | File: /app/public/index.php | Line: 12
*****************************************

[2024-03-29 16:59:18] Error: Some erorr occured! | File: /app/public/index.php | Line: 12
*****************************************

[2024-03-29 16:59:18] Error: Some erorr occured! | File: /app/public/index.php | Line: 12
*****************************************

[2024-03-29 16:59:18] Error: Some erorr occured! | File: /app/public/index.php | Line: 12
*****************************************

[2024-03-29 16:59:48] Error: Some erorr occured! | File: /app/public/index.php | Line: 12
*****************************************

[2024-03-29 17:00:00] Error: Some erorr occured! | File: /app/public/index.php | Line: 12
*****************************************

[2024-03-29 17:00:08] Error: Some erorr occured! | File: /app/public/index.php | Line: 12
*****************************************

[2024-03-29 17:00:45] Error: Some erorr occured! | File: /app/public/index.php | Line: 12
*****************************************

[2024-03-29 17:00:59] Error: Some erorr occured! | File: /app/public/index.php | Line: 12
*****************************************

[2024-03-29 17:01:14] Error: Some erorr occured! | File: /app/public/index.php | Line: 12
*****************************************

[2024-03-29 17:01:21] Error: Some erorr occured! | File: /app/public/index.php | Line: 12
*****************************************

[2024-03-29 17:01:47] Error: Some erorr occured! | File: /app/public/index.php | Line: 12
*****************************************

[2024-03-29 17:01:58] Error: Some erorr occured! | File: /app/public/index.php | Line: 12
*****************************************

[2024-03-29 17:02:05] Error: Some erorr occured! | File: /app/public/index.php | Line: 12
*****************************************

[2024-03-29 17:02:56] Error: Some erorr occured! | File: /app/public/index.php | Line: 12
*****************************************

[2024-03-29 17:05:21] Error: Some erorr occured! | File: /app/public/index.php | Line: 12
*****************************************

[2024-03-29 17:06:12] Error: Some erorr occured! | File: /app/public/index.php | Line: 12
*****************************************

[2024-03-29 17:07:11] Error: Some erorr occured! | File: /app/public/index.php | Line: 12
*****************************************

[2024-03-29 17:07:24] Error: Some erorr occured! | File: /app/public/index.php | Line: 12
*****************************************

[2024-03-29 17:07:49] Error: Some erorr occured! | File: /app/public/index.php | Line: 12
*****************************************

[2024-03-29 17:40:29] Error: preg_match(): Unknown modifier '?' | File: /app/vendor/wfm/Router.php | Line: 37
*****************************************

[2024-03-29 17:41:02] Error: preg_match(): Unknown modifier '?' | File: /app/vendor/wfm/Router.php | Line: 37
*****************************************

[2024-03-29 17:42:33] Error: Class "Routes" not found | File: /app/public/index.php | Line: 17
*****************************************

[2024-03-29 17:43:10] Error: WFM\ErrorHandler::errorHandler(): Argument #1 ($errno) must be of type string, int given, called in /app/public/index.php on line 19 | File: /app/vendor/wfm/ErrorHandler.php | Line: 66
*****************************************

[2024-03-30 11:45:35] Error: Controller app\controllers\PageController does not exist | File: /app/vendor/wfm/Router.php | Line: 42
*****************************************

[2024-03-30 11:45:49] Error: Controller app\controllers\MainController does not exist | File: /app/vendor/wfm/Router.php | Line: 42
*****************************************

[2024-03-30 11:47:30] Error: Controller app\controllers\MainController does not exist | File: /app/vendor/wfm/Router.php | Line: 41
*****************************************

[2024-03-30 12:07:06] Error: Undefined variable $params | File: /app/vendor/wfm/Router.php | Line: 33
*****************************************

[2024-03-30 12:09:08] Error: Undefined array key 1 | File: /app/vendor/wfm/Router.php | Line: 30
*****************************************

[2024-03-30 12:14:23] Error: Page not found | File: /app/vendor/wfm/Router.php | Line: 76
*****************************************

[2024-03-30 12:19:06] Error: Controller App\controllers\PageController does not exist | File: /app/vendor/wfm/Router.php | Line: 71
*****************************************

[2024-03-30 12:22:46] Error: Controller App\controllers\PageController does not exist | File: /app/vendor/wfm/Router.php | Line: 71
*****************************************

[2024-03-30 12:24:14] Error: Controller App\controllers\PageController does not exist | File: /app/vendor/wfm/Router.php | Line: 71
*****************************************

[2024-03-30 12:25:41] Error: Controller App\controllers\MainController does not exist | File: /app/vendor/wfm/Router.php | Line: 69
*****************************************

[2024-03-30 12:38:41] Error: Cannot assign string to property WFM\Controller::$model of type ?object | File: /app/vendor/wfm/Controller.php | Line: 30
*****************************************

[2024-03-30 12:47:47] Error: Cannot use "::class" on value of type string | File: /app/vendor/wfm/Controller.php | Line: 30
*****************************************

[2024-03-30 12:48:17] Error: Cannot use "::class" on value of type string | File: /app/vendor/wfm/Controller.php | Line: 30
*****************************************

[2024-03-30 13:10:31] Error: WFM\View::__construct(): Argument #2 ($layout) must be of type string, null given, called in /app/vendor/wfm/Controller.php on line 39 | File: /app/vendor/wfm/View.php | Line: 9
*****************************************

[2024-03-30 13:11:21] Error: View /app/appview/{prefix}Main/index.php is not found | File: /app/vendor/wfm/View.php | Line: 34
*****************************************

[2024-03-30 13:12:28] Error: View /app/appview/{prefix}Main/index.php is not found | File: /app/vendor/wfm/View.php | Line: 34
*****************************************

[2024-03-30 13:13:12] Error: View /app/appviews/Main/index.php is not found | File: /app/vendor/wfm/View.php | Line: 34
*****************************************

[2024-03-30 13:14:02] Error: View /app/app/views/Main/index.php is not found | File: /app/vendor/wfm/View.php | Line: 34
*****************************************

[2024-03-30 13:38:13] Error: syntax error, unexpected token "}" | File: /app/app/controllers/MainController.php | Line: 12
*****************************************

[2024-03-30 13:43:55] Error: syntax error, unexpected token "}" | File: /app/app/controllers/MainController.php | Line: 14
*****************************************

[2024-03-30 14:23:56] Error: Array to string conversion | File: /app/app/views/Main/index.php | Line: 5
*****************************************
